<?xml version="1.0" encoding="UTF-8"?>
<testsuite xmlns:xsi="http://www.w3.org/2001/XMLSchema-instance" xsi:noNamespaceSchemaLocation="https://maven.apache.org/surefire/maven-surefire-plugin/xsd/surefire-test-report-3.0.xsd" version="3.0" name="AppTest" time="181.679" tests="21" errors="0" skipped="0" failures="0">
  <properties>
[...]
</properties>
  <testcase name="TestCashbackLimiteDeCimaDe100a500Ouro" classname="AppTest" time="176.945"/>
  <testcase name="TestCashbackLimiteSuperiorAte100Bronze" classname="AppTest" time="0.199"/>
  <testcase name="TestCashbackLimiteSuperiorAcimaDe500Prata" classname="AppTest" time="0.563"/>
  <testcase name="TestCashbackLimiteInferiorAte100Prata" classname="AppTest" time="0.0"/>
  <testcase name="TestCashbackLimiteSuperiorDeBaixoDe100a500Bronze" classname="AppTest" time="0.434"/>
  <testcase name="TestCashbackLimiteDeCimaDe100a500Prata" classname="AppTest" time="0.0"/>
  <testcase name="TestCashbackLimiteInferiorDeCimaDe100a500Bronze" classname="AppTest" time="0.254"/>
  <testcase name="TestCashbackLimiteDeCimaDe100a500Bronze" classname="AppTest" time="0.217"/>
  <testcase name="TestCashbackLimiteSuperiorAte100Ouro" classname="AppTest" time="0.19"/>
  <testcase name="TestCashbackLimiteAte100Ouro" classname="AppTest" time="0.19"/>
  <testcase name="TestCashbackLimiteAte100Prata" classname="AppTest" time="0.191"/>
  <testcase name="TestCashbackLimiteSuperiorAcimaDe500Ouro" classname="AppTest" time="0.249"/>
  <testcase name="TestCashbackLimiteInferiorDeCimaDe100a500Prata" classname="AppTest" time="0.508"/>
  <testcase name="TestCashbackLimiteAte100Bronze" classname="AppTest" time="0.234"/>
  <testcase name="TestCashbackLimiteInferiorAte100Ouro" classname="AppTest" time="0.233"/>
  <testcase name="TestCashbackLimiteSuperiorAte100Prata" classname="AppTest" time="0.267"/>
  <testcase name="TestCashbackLimiteSuperiorDeBaixoDe100a500Ouro" classname="AppTest" time="0.241"/>
  <testcase name="TestCashbackLimiteInferiorAte100Bronze" classname="AppTest" time="0.0"/>
  <testcase name="TestCashbackLimiteSuperiorAcimaDe500Bronze" classname="AppTest" time="0.246"/>
  <testcase name="TestCashbackLimiteSuperiorDeBaixoDe100a500Prata" classname="AppTest" time="0.229"/>
  <testcase name="TestCashbackLimiteInferiorDeCimaDe100a500Ouro" classname="AppTest" time="0.238"/>
</testsuite>